20221215	16:31:00	7e51ee5e-f29a-4b0d-b78a-928600eaac0b	GET	/	undefined
20221215	16:31:00	06867c7c-f802-49aa-b895-edb732e30b27	GET	/css/style.css	undefined
20221215	16:31:14	b6a01692-b0c8-4607-8d36-5f716947675b	GET	/	undefined
20221215	16:31:14	9c33a1ba-98aa-42e1-b0b2-e7fde6e44fea	GET	/css/style.css	undefined
20221215	16:36:24	6772d490-6fd9-47b6-a73c-c7b280452985	GET	/	undefined
20221215	16:36:24	43dd093c-4108-44cb-b440-744c2bfeb3c6	GET	/css/style.css	undefined
20221215	16:48:46	da2ae22e-4bb8-4c9a-a600-fdb687299e90	OPTIONS	/	https://www.google.com
20221215	16:48:46	96031568-1563-4355-9eb7-342185a5bd8b	GET	/	https://www.google.com
20221215	16:49:04	c032983e-3211-45e6-84e8-068d5931f7a1	OPTIONS	/	https://www.google.com
20221215	16:49:04	dcf68793-dda7-4da3-ab9a-f06fcb78585a	GET	/	https://www.google.com
20221215	17:00:26	a55ea2c7-34f2-434e-9961-82db9d8da738	OPTIONS	/	https://www.google.com
20221215	17:00:26	7a32cd20-e583-4bc2-b6b1-495da80a0d5a	GET	/	https://www.google.com
20221216	11:02:07	6165c162-74f7-404f-9e79-911ceed0d16f	GET	/	undefined
20221216	11:02:07	9f9eac45-1932-43df-9dc1-1fb6d7b6cda1	GET	/css/style.css	undefined
20221216	11:02:07	e9dc4eac-cbc9-454f-bd52-5b2e52ea4c04	GET	/favicon.ico	undefined
20221216	12:46:07	733f0d2b-51e3-41c2-b8c3-f74302f8e254	GET	/users	undefined
20221216	12:46:29	b169fdf7-f2cc-48c7-9e38-d294b2073f21	GET	/users	undefined
20221216	12:55:04	9e427284-931a-4834-9806-da1d2d675baa	GET	/users	undefined
20221216	12:58:06	f1054094-ae0e-4f84-a9e0-892fab762893	GET	/users	undefined
20221216	13:00:44	7d392ffb-cb31-4cb8-a039-3bb1cf881891	GET	/users	undefined
20221216	13:00:46	e61f2886-06f4-4675-88ae-0a0c6f189a5f	GET	/users	undefined
20221216	13:01:00	03f01205-f662-4f68-8f4a-4f6b789bbe3c	GET	/users	undefined
20221216	13:01:27	726ef940-95d7-4350-a86a-aa387fa2a3c5	GET	/users	undefined
20221216	13:23:18	bc2821c4-4cbc-4283-9e55-ede5fd659e33	GET	/users	undefined
20221216	15:12:17	52b18455-6129-4d8b-bb3c-2491266f4f9d	POST	/users	undefined
20221216	15:12:32	49b6a9ab-84a9-4305-a0ea-e0db780afa82	GET	/users	undefined
20221216	15:14:16	4a6a0d6c-2fa0-45a6-912f-0fa8c5f6fde7	POST	/users	undefined
20221216	15:14:47	6b8e9e10-cf5c-4aac-b4f5-bcb784cd4db1	POST	/users	undefined
20221216	15:15:05	e8155378-40c1-45b1-b44e-6105b546fc1d	POST	/users	undefined
20221216	15:15:33	0e4246c7-4348-41b2-95d9-664a6aec984a	POST	/users	undefined
20221216	15:15:40	32d06dea-d54f-4123-bd54-689688f477f2	POST	/users	undefined
20221216	15:16:03	86171840-d27c-4b09-bd27-db2b36daa1e4	POST	/users	undefined
20221216	15:16:15	b53f8ea8-979e-4c6f-874f-fea6e7ddfcbc	POST	/users	undefined
20221216	15:17:45	5d10ab4d-ceaa-4fc4-9e6f-12d8de6a546d	GET	/users	undefined
20221216	15:18:56	5b335056-e8c5-4e20-ba74-5360c77d7041	PATCH	/users	undefined
20221216	15:19:16	dec9dc37-fd9e-4c26-8a7f-9a3dae474f58	PATCH	/users	undefined
20221216	15:19:44	01941132-7d80-4cca-93f8-92b5f9cac08e	PATCH	/users	undefined
20221216	15:19:57	5f3d905a-f97e-4d8f-b86b-798dfb9fbe99	GET	/users	undefined
20221216	15:20:28	36cb4f83-e408-480d-948e-e63496e41e83	PATCH	/users	undefined
20221216	15:20:36	f41b4987-ec60-46a4-8bf1-04c0ec18a785	GET	/users	undefined
20221216	15:21:53	dde2ff5c-a061-4a05-a816-5af0622717a3	POST	/users	undefined
20221216	15:22:09	3e472a29-d6ec-4d3f-8ca2-ba9b8b10843a	GET	/users	undefined
20221216	15:23:19	9e0989a8-f4de-455a-86f4-cb12dd96aa60	PATCH	/users	undefined
20221216	15:26:00	b8089cb6-4679-4512-ac69-22856a746866	DELETE	/users	undefined
20221216	15:26:13	36daf1be-84f0-4381-85f5-6c5f6b408c04	DELETE	/users	undefined
20221216	15:26:31	3e3a449b-6bae-481a-b860-77ba2d1011d1	DELETE	/users	undefined
20221216	15:26:43	ceffb34c-bec7-4519-97f3-58c6db734352	GET	/users	undefined
20221216	15:27:21	ab943c16-33f3-46a5-a829-70799281f444	DELETE	/users	undefined
20221216	15:27:26	a2ed8d08-184d-4c94-b8aa-03815a8fa299	GET	/users	undefined
20221218	11:20:56	d2446d8e-3686-4697-829f-f1e98e50c703	GET	/	undefined
20221218	11:20:56	83891336-ebcc-47a8-be87-5f0bc792fe67	GET	/css/style.css	undefined
20221218	11:22:21	8d228669-dd84-475b-a63d-e7ee533e93a4	GET	/users	http://localhost:3000
20221218	11:22:52	8c22bf25-f37e-4906-ac0b-09419cb7a451	GET	/users	http://localhost:3000
20221218	11:24:26	b3bb41dd-8e26-4736-a5c2-9c7c0c3a4daa	POST	/users	undefined
20221218	11:24:50	c13a6628-edbd-4a0f-a9d7-0810d30a8084	POST	/users	undefined
20221218	11:24:55	9b7880d9-9c6f-4e67-a44a-0dbfc62b5fd8	GET	/users	undefined
20221218	11:25:00	2281eab2-452d-439a-aff6-3bd6593ed012	GET	/users	http://localhost:3000
20221218	11:25:37	e7c141d7-3ee4-4c86-b22c-8058dc7f6dcd	POST	/users	undefined
20221218	11:25:41	0c355d6e-d2b7-40b3-961d-30891d1afc37	GET	/users	http://localhost:3000
20221218	11:26:37	01ae311f-7d2b-45b6-b438-0137eba35cb7	POST	/users	undefined
20221218	11:26:41	29874caf-95f8-4bfc-aede-20118a3b1eb9	GET	/users	http://localhost:3000
20221218	11:27:07	1ee4584b-915e-49a7-83d7-52f171c78e61	POST	/users	undefined
20221218	11:27:13	37c344e2-d2b9-4601-b96c-bf3f1cbe0dc2	GET	/users	http://localhost:3000
20221218	11:34:15	fabbd60e-002c-4651-91ff-a23e64d772e2	GET	/notes	http://localhost:3000
20221218	11:39:26	938d50e8-7496-4ec5-8ba3-ba6c4e781fac	POST	/notes	undefined
20221218	11:40:03	2131230f-5e4e-419b-b14f-5e844a6f1d0f	GET	/notes	undefined
20221218	11:40:31	b7baef4c-2714-4d3e-adf6-6985d6b79f6f	GET	/users	http://localhost:3000
20221218	11:40:46	304c46fe-8d85-4319-ba81-c0008f746ca7	GET	/notes	http://localhost:3000
20221218	11:41:47	67f9e707-e875-42e2-9d55-4620f4e4f9df	GET	/notes	undefined
20221218	11:41:56	9a637b26-e855-43de-9d76-97292d2c528a	POST	/notes	undefined
20221218	11:42:38	71abd000-0e42-4610-99e9-a3038fe79042	POST	/notes	undefined
20221218	11:43:14	58d207c1-b6ce-4124-9775-b5e700e5c0c6	POST	/notes	undefined
20221218	11:43:20	94e2fe52-9252-4b43-8288-0f77b5f06760	GET	/notes	undefined
20221218	11:43:27	39ac168d-436f-4c62-8606-782d32a02ee3	GET	/users	undefined
20221218	11:43:42	13b99d6a-d9d4-468a-87fe-b0a88f015c85	GET	/notes	undefined
20221218	11:43:48	00f69be4-30b6-42b6-8536-1e8dc21b989b	GET	/notes	undefined
20221218	11:44:14	b3d95482-84c9-46db-a9fa-066f91632a14	GET	/users	undefined
20221218	11:44:19	3e6436c0-4d08-487c-816f-729c5fc63e3e	GET	/notes	undefined
20221218	11:44:19	860bad52-3645-44bb-9ab1-dc5bc25eb5d9	GET	/css/style.css	undefined
20221218	11:44:23	dc9f2b80-fd3b-48aa-a78c-4d3cf5bbf1ac	GET	/note	undefined
20221218	11:44:23	8484fb95-bd04-4d4e-8541-67b060f5f3b5	GET	/css/style.css	undefined
20221218	11:44:33	9e098046-20ea-406b-984c-8d62cb937aab	GET	/users	undefined
20221218	11:48:53	f631ba2e-a339-4051-a831-72854667abf6	GET	/note	undefined
20221218	11:48:53	b356a8fa-8ef0-4e0a-afe9-5b786775a343	GET	/css/style.css	undefined
20221218	11:48:58	1568c5f6-187e-42bb-8004-9e147edf5414	GET	/notes	undefined
20221218	11:48:58	a6de217a-ad86-4f3b-a330-40d0d0303140	GET	/css/style.css	undefined
20221218	11:55:11	0610392c-a752-473f-ad22-4df907e98de3	GET	/users	undefined
20221218	11:55:17	50b20bde-8221-4f4f-9965-5d0d65367325	GET	/user	undefined
20221218	11:55:18	54a1d3ff-7f5f-4345-9f05-139b84710cf3	GET	/css/style.css	undefined
20221218	11:55:21	52af849e-00cf-4479-96a2-28fc9cf42438	GET	/note	undefined
20221218	11:55:21	084e638e-b0df-4bfb-be6a-5d60e51acf3d	GET	/css/style.css	undefined
20221218	11:55:26	a14f0b1f-7484-4675-b6ad-7e30b357a6e6	GET	/notes	undefined
20221218	11:55:26	3d9d9ce9-732c-43c2-8412-9f120b689298	GET	/css/style.css	undefined
20221218	11:56:51	1e33447d-176e-44ad-b2e3-82fd22416c42	GET	/notes	undefined
20221218	11:56:51	4ddd0f24-aea4-454e-be92-89b87bd486cb	GET	/css/style.css	undefined
20221218	11:56:56	75b7d932-375f-47f3-a040-b830150903a5	GET	/notes	undefined
20221218	11:56:56	594f65d4-f4c3-49e2-a1b0-4f522a4b6eb7	GET	/css/style.css	undefined
20221218	12:05:23	c0b8b6f6-4b8c-4d62-a164-6944748518e2	GET	/notes	undefined
20221218	12:06:43	60424d2a-34d5-416a-ad75-73c2be1a9872	GET	/notes	undefined
20221218	12:06:59	3a1e51c2-8657-40f3-b6e1-1462163c0e1e	POST	/notes	undefined
20221218	12:09:24	6a6f11cd-abd3-4738-b32e-b68b715097e0	POST	/notes	undefined
20221218	12:09:52	188b703f-307b-4912-80fd-9d14abc7da3e	POST	/notes	undefined
20221218	12:10:56	789376c0-cefe-42d6-9f69-64497d51bbcc	POST	/notes	undefined
20221218	12:11:03	b58467c8-6ddd-46dc-9b8d-bd59f7153cd0	GET	/notes	http://localhost:3000
20221218	12:12:06	aac32f5d-0b72-4ef0-bfdb-f344558303a8	POST	/notes	undefined
20221218	12:12:09	bb1d64c9-0510-45a9-a664-2e3f8d5e9b0f	GET	/notes	http://localhost:3000
20221218	12:13:08	83104c83-5efa-4169-bd50-3d4dd0f39b9f	POST	/notes	undefined
20221218	12:13:11	dc5c1eb3-9521-4cf3-b23f-d01cfd8057f1	GET	/notes	http://localhost:3000
20221218	12:14:12	5a917ad5-3c97-42fe-8aab-06137b557af8	POST	/notes	undefined
20221218	12:16:00	c29684ff-faef-424c-a93c-49fe922fc14e	POST	/notes	undefined
20221218	12:16:22	fe18bd08-1b93-4bce-9327-67f9862f4a24	DELETE	/notes	undefined
20221218	12:16:30	53f67951-9e5c-4cd8-a92c-4836df3ebd1d	GET	/notes	undefined
20221218	12:17:02	69e1804d-b0f9-4f46-b7e6-cf538bc2133f	DELETE	/notes	undefined
20221218	12:17:06	4b8dc943-ed98-4c15-8e51-08a2aedc7087	GET	/notes	http://localhost:3000
20221218	12:17:24	fb1718b6-fe30-475e-8773-a44ec3c6bf51	DELETE	/notes	undefined
20221218	12:17:29	5721c7f1-4d72-4f86-a204-903285c702b9	POST	/notes	undefined
20221218	12:17:32	7dce9ffe-90a3-40a4-8496-ed3b9d115b64	GET	/notes	http://localhost:3000
20221218	12:20:52	0b6c492e-0960-470b-ab7e-6dd9698b233c	GET	/notes	undefined
20221218	12:22:25	146f636e-4c63-4539-ae4e-769edf821e34	PATCH	/notes	undefined
20221218	12:22:35	29fa9842-f21e-4322-81a6-36192acaef0e	PATCH	/notes	undefined
20221218	12:22:42	1fa6de4f-3ff6-4a6c-9f0e-80be46b84c31	GET	/notes	http://localhost:3000
20221218	12:23:56	b6c0b068-c898-4978-8e60-e094a6335c46	POST	/notes	undefined
20221218	12:24:00	9888d334-fb9c-496b-abf1-ab79c46ae69f	GET	/notes	http://localhost:3000
20221218	12:24:51	52bf44ca-6e01-4630-aa4c-58248fb504ba	GET	/notes	undefined
20221218	12:25:14	a16548d9-c8ed-4f61-95e4-6a2d9d1c3850	PATCH	/notes	undefined
20221218	12:25:17	c438ac2f-3e9b-49eb-9686-4920abf63e9a	GET	/notes	http://localhost:3000
20221218	15:29:57	003dc385-faf3-4932-b9d2-0c30459a1700	GET	/users	http://localhost:3000
20221218	15:31:29	1ac959e1-c0a9-46f9-86e6-a90e679711e4	GET	/users	http://localhost:3000
20221218	15:38:33	ac7ebb38-70d0-48be-96af-fb25baa19941	GET	/notes	http://localhost:3000
20221218	15:38:33	3d36f886-9432-44cc-b4ee-2096656421af	GET	/users	http://localhost:3000
20221218	15:39:57	961f1bde-4969-49e9-bb03-862752d3d7ca	GET	/notes	http://localhost:3000
20221218	15:39:57	b41d5b6e-32d8-4cb5-b608-7121c0878485	GET	/users	http://localhost:3000
20221218	15:42:58	2b9afbab-8f7a-4e2d-9baf-2554b6b82410	GET	/notes	http://localhost:3000
20221218	15:42:58	059ffdf8-e35a-43b9-8a85-cc2ce2afc77b	GET	/users	http://localhost:3000
20221218	15:45:08	e0ddc197-6d26-4203-b0e7-900a53fc6537	OPTIONS	/users	http://localhost:3000
20221218	15:45:08	b1659352-861e-4154-a5d0-b38c6fb6c7cc	PATCH	/users	http://localhost:3000
20221218	15:45:08	84860941-4627-4d11-9b2a-074e1c1d761b	GET	/users	http://localhost:3000
20221218	15:45:15	092600e2-2fad-4b2c-9241-288c43e69803	OPTIONS	/users	http://localhost:3000
20221218	15:45:15	47089e83-b2f6-403e-b4ea-10c2eee4873b	PATCH	/users	http://localhost:3000
20221218	15:45:15	154ef258-da24-4774-a53b-f31ee4897d24	GET	/users	http://localhost:3000
20221218	15:45:22	33ce3adc-bdca-4cdc-bc91-2597be957087	OPTIONS	/users	http://localhost:3000
20221218	15:45:22	9287bcea-ae77-44bc-8776-14863213dca8	PATCH	/users	http://localhost:3000
20221218	15:45:22	5468492f-17b0-455f-bce5-5a0f1f8e53a9	GET	/users	http://localhost:3000
20221218	15:47:09	f0cf29a6-9f84-4287-8b5c-45edcbf62020	GET	/notes	http://localhost:3000
20221218	15:47:09	aefee540-440a-45b3-ac59-87979e93a0e8	GET	/users	http://localhost:3000
20221218	15:47:49	4cf3e03a-d96d-40c9-b214-4e6a66cfd592	OPTIONS	/users	http://localhost:3000
20221218	15:47:49	29a3230f-0325-416c-89ef-8193532e98d8	POST	/users	http://localhost:3000
20221218	15:47:49	52a524e7-84c3-4c85-a080-98f925bf4563	GET	/users	http://localhost:3000
20221218	15:48:06	503769c4-42a3-4488-b7d2-cc01cd0a0aa0	OPTIONS	/users	http://localhost:3000
20221218	15:48:06	a673e691-4615-4da8-b3dd-f0be2dc25129	DELETE	/users	http://localhost:3000
20221218	15:48:06	98d40d76-5e6e-43b9-b40b-8dcee2bbd154	GET	/users	http://localhost:3000
20221218	15:49:39	14dd7c3e-2c43-4e44-b5f0-dd9698d46ca4	GET	/users	http://localhost:3000
20221218	15:49:39	b43450ee-aa90-4ee7-a0a1-9fbd63a1a929	GET	/notes	http://localhost:3000
20221218	15:51:48	a0962333-8ae2-4c8c-83fd-53de49d0b40b	GET	/users	http://localhost:3000
20221218	15:52:49	b589f19b-2b9b-420c-a449-4dc3be550984	GET	/users	http://localhost:3000
20221218	15:53:50	d3df7b11-5aa6-4185-b933-80511d937a8a	GET	/users	http://localhost:3000
20221218	15:54:51	5f00b36f-a43d-49d5-b29f-633f18ff83d0	GET	/users	http://localhost:3000
20221218	15:55:52	216e4b10-6de3-4b03-b21d-d180760475b1	GET	/users	http://localhost:3000
20221218	15:56:53	140319bf-3511-4f6f-9301-9540065aa87e	GET	/users	http://localhost:3000
20221218	15:57:54	ff03a8be-b3b7-4061-94ca-4698ca417c3e	GET	/users	http://localhost:3000
20221218	15:58:55	ddd1441e-94c6-4a41-96f9-1184a31ee2f4	GET	/users	http://localhost:3000
20221218	15:59:56	36c5ea39-2789-47fc-ac86-f414f8b15edd	GET	/users	http://localhost:3000
20221218	16:00:57	f5e412a1-c6cc-4ae7-9d87-dccc92db40a0	GET	/users	http://localhost:3000
20221218	16:01:58	90a29234-44b7-4409-be73-4247cbe4678d	GET	/users	http://localhost:3000
20221218	16:02:04	c22cd7a9-9c91-47a7-9705-c7b20e010512	GET	/users	http://localhost:3000
20221218	16:02:13	3820f37f-6b26-4bea-8ae2-90a3c7790495	GET	/notes	http://localhost:3000
20221218	16:02:22	f619c9f8-b547-413b-8041-4f9fe25b4439	OPTIONS	/notes	http://localhost:3000
20221218	16:02:22	352c5c67-a1fe-4d9e-b713-5f9d1f3b2313	PATCH	/notes	http://localhost:3000
20221218	16:02:22	1dbd88ce-c3bb-40c5-a9d3-48f203799b6d	GET	/notes	http://localhost:3000
20221218	16:02:25	695e989a-1807-4457-8c2e-784b3fc4688d	PATCH	/notes	http://localhost:3000
20221218	16:02:26	c4592490-5f4d-47cc-9ed7-8ccb22330f97	GET	/notes	http://localhost:3000
20221218	16:02:34	6cedf78e-cced-4e09-a0e0-c0edcd31dd63	GET	/notes	http://localhost:3000
20221218	16:03:20	87a0ed09-69f3-4809-a634-cc86b81eda84	OPTIONS	/notes	http://localhost:3000
20221218	16:03:20	33217d3a-5855-41fb-9c0e-0e1cc2de3657	POST	/notes	http://localhost:3000
20221218	16:03:20	af512879-09ab-4ab0-a949-73407836eb41	GET	/notes	http://localhost:3000
20221218	16:03:34	c0c68b42-f321-497b-8064-16abbe084618	GET	/users	http://localhost:3000
20221218	16:03:49	e186e8d1-98f6-47a6-b1bb-73d20bff9712	GET	/users	http://localhost:3000
20221218	16:03:54	84b20a0d-e5b3-4ac2-a257-a471f9654f16	GET	/notes	http://localhost:3000
20221220	11:43:47	d06af47c-1dec-48f5-911e-a3819bae211b	POST	/auth	undefined
20221220	11:43:58	ee6307d6-8c80-49d5-a727-9c6e6f723f28	POST	/auth	undefined
20221220	11:44:54	6eed2eed-a231-469a-9f39-0d86474ccf37	POST	/auth	undefined
20221220	11:45:20	ffa67e11-b795-442c-8776-3a9f17d7e12d	GET	/users	undefined
20221220	11:45:56	062dee12-e76b-4032-8e17-4cf0bca73fae	POST	/auth	undefined
20221220	11:47:04	d1714a4c-0f17-4b82-aeb0-2135cc65d335	GET	/users	undefined
20221220	11:48:34	d778d7a2-0aa7-45e8-bd53-a4d760c66ad4	GET	/users	undefined
20221220	11:51:48	7af2d555-eb12-4af0-b0c8-90611a198a28	GET	/users	undefined
20221220	11:54:16	710b92ae-9886-43b8-bef1-1604748c975c	POST	/auth	undefined
20221220	11:55:27	0a8fcbb7-1b56-4003-880b-2d55203bf27a	POST	/auth	undefined
20221220	11:56:08	abc51e4d-e8ff-456e-a65f-65c759314e40	GET	/users	undefined
20221220	11:56:28	9e6d601e-6d57-4d7d-b18b-d3d69a79555a	GET	/users	undefined
20221220	11:56:39	a3b82cb0-c18a-4012-8f62-0d5cbac83c22	GET	/users	undefined
20221220	11:56:52	b8a576e8-c24c-47ad-a170-5582bafa5178	GET	/users	undefined
20221220	11:57:26	6fcc1ba0-45e6-4e59-b343-83fa74355576	GET	/users	undefined
20221220	11:58:48	122c9798-eb19-46d0-9126-a69f4d3e48c5	GET	/users	undefined
20221220	12:01:26	e02069a1-316f-4924-b5a8-8ca16afa35a8	GET	/users	undefined
20221220	12:02:02	fbdf5d13-31a1-44ba-9e21-2b06448615a7	POST	/auth	undefined
20221220	12:02:32	b1ad557a-15f4-4ba5-9b48-e58545481ef9	POST	/auth	undefined
20221220	12:04:29	4d4e60fe-90f8-4932-b0ed-7860ff372049	GET	/auth/refresh	undefined
20221220	12:05:37	7371b240-e53e-4da1-b208-21ad7c6946fc	POST	/auth/logout	undefined
20221220	12:05:57	eb425b71-495b-4c23-ab99-d4b07704c21b	POST	/auth	undefined
20221220	12:08:32	d31de33c-3b7d-464b-9857-e27f680a10de	POST	/auth	undefined
20221220	12:09:06	1082463a-dbb7-4f7d-a210-ae4f194c9e9e	GET	/notes	undefined
20221220	12:09:18	df2958d7-dae4-49a3-918a-8c806ef7950b	GET	/users	undefined
20221220	12:09:28	65422a23-7406-4c8e-b74a-ac9eaf26382a	GET	/notes	undefined
20221220	12:09:44	470a8900-77a1-4bd7-b72e-43bdb8d60c05	GET	/notes	undefined
